<?xml version="1.0" encoding="UTF-8"?>
<!-- Generated by org.testng.reporters.JUnitReportReporter -->
<testsuite hostname="DESKTOP-4H5JN6R" failures="0" tests="4" name="org.pack.TestScript" time="41.585" errors="0" timestamp="2024-04-12T00:01:17 PDT" skipped="0">
  <testcase classname="org.pack.TestScript" name="BrowserType" time="3.810"/>
  <testcase classname="org.pack.TestScript" name="UrlLaunch" time="13.118"/>
  <testcase classname="org.pack.TestScript" name="SearchPage" time="3.844"/>
  <testcase classname="org.pack.TestScript" name="Nextpages" time="20.813"/>
</testsuite> <!-- org.pack.TestScript -->
